🚀 Starting optimized 1-year backfill
Tickers: 124
Days: 252
Estimated records: 31248

[1/124] SPY... ✓ 463 records (458 labeled)
[2/124] QQQ... ✓ 463 records (458 labeled)
[3/124] IWM... ✓ 463 records (458 labeled)
[4/124] DIA... ✓ 463 records (458 labeled)
[5/124] VTI... ✓ 463 records (458 labeled)
[6/124] VOO... ✓ 463 records (458 labeled)
[7/124] AAPL... ✓ 463 records (458 labeled)
[8/124] MSFT... ✓ 463 records (458 labeled)
[9/124] NVDA... ✓ 463 records (458 labeled)
[10/124] AMZN... ✓ 463 records (458 labeled)
[11/124] META... ✓ 463 records (458 labeled)
[12/124] GOOGL... ✓ 463 records (458 labeled)
[13/124] TSLA... ✓ 463 records (458 labeled)
[14/124] AVGO... ✓ 463 records (458 labeled)
[15/124] ORCL... ✓ 463 records (458 labeled)
[16/124] ADBE... ✓ 463 records (458 labeled)
[17/124] CRM... ✓ 463 records (458 labeled)
[18/124] NFLX... ✓ 463 records (458 labeled)
[19/124] AMD... ✓ 463 records (458 labeled)
[20/124] INTC... ✓ 463 records (458 labeled)
[21/124] TSM... ✓ 463 records (458 labeled)
[22/124] ASML... ✓ 463 records (458 labeled)
[23/124] QCOM... ✓ 463 records (458 labeled)
[24/124] TXN... ✓ 463 records (458 labeled)
[25/124] MU... ✓ 463 records (458 labeled)
[26/124] AMAT... ✓ 463 records (458 labeled)
[27/124] LRCX... ✓ 463 records (458 labeled)
[28/124] KLAC... ✓ 463 records (458 labeled)
[29/124] MRVL... ✓ 463 records (458 labeled)
[30/124] ARM... ✓ 463 records (458 labeled)
[31/124] MCHP... ✓ 463 records (458 labeled)
[32/124] ON... ✓ 463 records (458 labeled)
[33/124] PLTR... ✓ 463 records (458 labeled)
[34/124] SNOW... ✓ 463 records (458 labeled)
[35/124] DDOG... ✓ 463 records (458 labeled)
[36/124] NET... ✓ 463 records (458 labeled)
[37/124] CRWD... ✓ 463 records (458 labeled)
[38/124] ZS... ✓ 463 records (458 labeled)
[39/124] PANW... ✓ 463 records (458 labeled)
[40/124] WDAY... ✓ 463 records (458 labeled)
[41/124] NOW... ✓ 463 records (458 labeled)
[42/124] TEAM... ✓ 463 records (458 labeled)
[43/124] MDB... ✓ 463 records (458 labeled)
[44/124] HUBS... ✓ 463 records (458 labeled)
[45/124] JPM... ✓ 463 records (458 labeled)
[46/124] BAC... ✓ 463 records (458 labeled)
[47/124] WFC... ✓ 463 records (458 labeled)
[48/124] GS... ✓ 463 records (458 labeled)
[49/124] MS... 